<?xml version="1.0" encoding="UTF-8"?>
<!-- Generated by org.testng.reporters.JUnitReportReporter -->
<testsuite skipped="0" hostname="NILMIE" name="ReadExcel.Read" tests="1" failures="0" timestamp="04 Jul 2019 06:58:58 GMT" time="19.642" errors="1">
  <testcase name="testSearch" time="19.642" classname="ReadExcel.Read">
    <error type="org.openqa.selenium.SessionNotCreatedException" message="session not created: This version of ChromeDriver only supports Chrome version 76
Build info: version: &#039;3.14.0&#039;, revision: &#039;aacccce0&#039;, time: &#039;2018-08-02T20:19:58.91Z&#039;
System info: host: &#039;NILMIE&#039;, ip: &#039;192.168.1.31&#039;, os.name: &#039;Windows 10&#039;, os.arch: &#039;amd64&#039;, os.version: &#039;10.0&#039;, java.version: &#039;1.8.0_191&#039;
Driver info: driver.version: ChromeDriver
remote stacktrace: Backtrace:
	Ordinal0 [0x001C7B13+1473299]
	Ordinal0 [0x0014AC61+961633]
	Ordinal0 [0x000D41A3+475555]
	Ordinal0 [0x0006F365+62309]
	Ordinal0 [0x0006BC77+48247]
	Ordinal0 [0x00088FD9+167897]
	Ordinal0 [0x00088BAD+166829]
	Ordinal0 [0x000872BB+160443]
	Ordinal0 [0x00070AE6+68326]
	Ordinal0 [0x00071A80+72320]
	Ordinal0 [0x00071A19+72217]
	Ordinal0 [0x00164A27+1067559]
	GetHandleVerifier [0x002666F5+506677]
	GetHandleVerifier [0x00266490+506064]
	GetHandleVerifier [0x0026D038+533624]
	GetHandleVerifier [0x00266ECA+508682]
	Ordinal0 [0x0015C116+1032470]
	Ordinal0 [0x0015BF8F+1032079]
	Ordinal0 [0x0016693B+1075515]
	Ordinal0 [0x00166AA3+1075875]
	Ordinal0 [0x00165A55+1071701]
	BaseThreadInitThunk [0x74328494+36]
	RtlAreBitsSet [0x775F41C8+136]
	RtlAreBitsSet [0x775F4198+88]
	(No symbol) [0x00000000]
">
      <![CDATA[org.openqa.selenium.SessionNotCreatedException: session not created: This version of ChromeDriver only supports Chrome version 76
Build info: version: '3.14.0', revision: 'aacccce0', time: '2018-08-02T20:19:58.91Z'
System info: host: 'NILMIE', ip: '192.168.1.31', os.name: 'Windows 10', os.arch: 'amd64', os.version: '10.0', java.version: '1.8.0_191'
Driver info: driver.version: ChromeDriver
remote stacktrace: Backtrace:
Ordinal0 [0x001C7B13+1473299]
Ordinal0 [0x0014AC61+961633]
Ordinal0 [0x000D41A3+475555]
Ordinal0 [0x0006F365+62309]
Ordinal0 [0x0006BC77+48247]
Ordinal0 [0x00088FD9+167897]
Ordinal0 [0x00088BAD+166829]
Ordinal0 [0x000872BB+160443]
Ordinal0 [0x00070AE6+68326]
Ordinal0 [0x00071A80+72320]
Ordinal0 [0x00071A19+72217]
Ordinal0 [0x00164A27+1067559]
GetHandleVerifier [0x002666F5+506677]
GetHandleVerifier [0x00266490+506064]
GetHandleVerifier [0x0026D038+533624]
GetHandleVerifier [0x00266ECA+508682]
Ordinal0 [0x0015C116+1032470]
Ordinal0 [0x0015BF8F+1032079]
Ordinal0 [0x0016693B+1075515]
Ordinal0 [0x00166AA3+1075875]
Ordinal0 [0x00165A55+1071701]
BaseThreadInitThunk [0x74328494+36]
RtlAreBitsSet [0x775F41C8+136]
RtlAreBitsSet [0x775F4198+88]
(No symbol) [0x00000000]

at sun.reflect.NativeConstructorAccessorImpl.newInstance0(Native Method)
at sun.reflect.NativeConstructorAccessorImpl.newInstance(Unknown Source)
at sun.reflect.DelegatingConstructorAccessorImpl.newInstance(Unknown Source)
at java.lang.reflect.Constructor.newInstance(Unknown Source)
at org.openqa.selenium.remote.W3CHandshakeResponse.lambda$new$0(W3CHandshakeResponse.java:57)
at org.openqa.selenium.remote.W3CHandshakeResponse.lambda$getResponseFunction$2(W3CHandshakeResponse.java:104)
at org.openqa.selenium.remote.ProtocolHandshake.lambda$createSession$0(ProtocolHandshake.java:122)
at java.util.stream.ReferencePipeline$3$1.accept(Unknown Source)
at java.util.Spliterators$ArraySpliterator.tryAdvance(Unknown Source)
at java.util.stream.ReferencePipeline.forEachWithCancel(Unknown Source)
at java.util.stream.AbstractPipeline.copyIntoWithCancel(Unknown Source)
at java.util.stream.AbstractPipeline.copyInto(Unknown Source)
at java.util.stream.AbstractPipeline.wrapAndCopyInto(Unknown Source)
at java.util.stream.FindOps$FindOp.evaluateSequential(Unknown Source)
at java.util.stream.AbstractPipeline.evaluate(Unknown Source)
at java.util.stream.ReferencePipeline.findFirst(Unknown Source)
at org.openqa.selenium.remote.ProtocolHandshake.createSession(ProtocolHandshake.java:125)
at org.openqa.selenium.remote.ProtocolHandshake.createSession(ProtocolHandshake.java:73)
at org.openqa.selenium.remote.HttpCommandExecutor.execute(HttpCommandExecutor.java:136)
at org.openqa.selenium.remote.service.DriverCommandExecutor.execute(DriverCommandExecutor.java:83)
at org.openqa.selenium.remote.RemoteWebDriver.execute(RemoteWebDriver.java:548)
at org.openqa.selenium.remote.RemoteWebDriver.startSession(RemoteWebDriver.java:212)
at org.openqa.selenium.remote.RemoteWebDriver.<init>(RemoteWebDriver.java:130)
at org.openqa.selenium.chrome.ChromeDriver.<init>(ChromeDriver.java:181)
at org.openqa.selenium.chrome.ChromeDriver.<init>(ChromeDriver.java:168)
at org.openqa.selenium.chrome.ChromeDriver.<init>(ChromeDriver.java:123)
at ReadExcel.Read.testSearch(Read.java:21)
at sun.reflect.NativeMethodAccessorImpl.invoke0(Native Method)
at sun.reflect.NativeMethodAccessorImpl.invoke(Unknown Source)
at sun.reflect.DelegatingMethodAccessorImpl.invoke(Unknown Source)
at java.lang.reflect.Method.invoke(Unknown Source)
at org.testng.internal.MethodInvocationHelper.invokeMethod(MethodInvocationHelper.java:124)
at org.testng.internal.Invoker.invokeMethod(Invoker.java:580)
at org.testng.internal.Invoker.invokeTestMethod(Invoker.java:716)
at org.testng.internal.Invoker.invokeTestMethods(Invoker.java:988)
at org.testng.internal.TestMethodWorker.invokeTestMethods(TestMethodWorker.java:125)
at org.testng.internal.TestMethodWorker.run(TestMethodWorker.java:109)
at org.testng.TestRunner.privateRun(TestRunner.java:648)
at org.testng.TestRunner.run(TestRunner.java:505)
at org.testng.SuiteRunner.runTest(SuiteRunner.java:455)
at org.testng.SuiteRunner.runSequentially(SuiteRunner.java:450)
at org.testng.SuiteRunner.privateRun(SuiteRunner.java:415)
at org.testng.SuiteRunner.run(SuiteRunner.java:364)
at org.testng.SuiteRunnerWorker.runSuite(SuiteRunnerWorker.java:52)
at org.testng.SuiteRunnerWorker.run(SuiteRunnerWorker.java:84)
at org.testng.TestNG.runSuitesSequentially(TestNG.java:1208)
at org.testng.TestNG.runSuitesLocally(TestNG.java:1137)
at org.testng.TestNG.runSuites(TestNG.java:1049)
at org.testng.TestNG.run(TestNG.java:1017)
at org.testng.remote.AbstractRemoteTestNG.run(AbstractRemoteTestNG.java:114)
at org.testng.remote.RemoteTestNG.initAndRun(RemoteTestNG.java:251)
at org.testng.remote.RemoteTestNG.main(RemoteTestNG.java:77)
]]>
    </error>
  </testcase> <!-- testSearch -->
</testsuite> <!-- ReadExcel.Read -->
